null                                       0          $0.00          

2238539             MALE                 ADMINISTRATIVE ASSISTANT          $394,829.00

ADMINISTRATIVE ASSISTANT                   1          $394,829.00    

5243643             FEMALE          DIESEL POWER SYSTEMS TECHNOLOGY          $875,738.00

DIESEL POWER SYSTEMS TECHNOLOGY             1          $875,738.00    

8048052             FEMALE                   GEOSPATIAL TECHNOLOGY          $501,288.00

GEOSPATIAL TECHNOLOGY                      1          $501,288.00    

5134478             FEMALE                AVAIATION PILOT TRAINING          $681,552.00

2530839             FEMALE                AVAIATION PILOT TRAINING          $223,212.00

AVAIATION PILOT TRAINING                   2          $904,764.00    

1168895             FEMALE                   GEOSPATIAL TECHNOLOGY          $519,452.00

GEOSPATIAL TECHNOLOGY                      1          $519,452.00    

5805980             FEMALE                AVAIATION PILOT TRAINING          $985,397.00

AVAIATION PILOT TRAINING                   1          $985,397.00    

3709386             MALE                        DIGITAL FORENSICS          $830,609.00

DIGITAL FORENSICS                          1          $830,609.00    

3812987             MALE                 ADMINISTRATIVE ASSISTANT          $94,112.00

ADMINISTRATIVE ASSISTANT                   1          $94,112.00     

3967405             FEMALE                   AUTOMOTIVE TECHNOLOGY          $808,448.00

AUTOMOTIVE TECHNOLOGY                      1          $808,448.00    

1525949             MALE                        DIGITAL FORENSICS          $866,909.00

DIGITAL FORENSICS                          1          $866,909.00    

4194648             FEMALE          DIESEL POWER SYSTEMS TECHNOLOGY          $74,221.00

DIESEL POWER SYSTEMS TECHNOLOGY             1          $74,221.00     

2357431             FEMALE          ROBOTICS/AUTOMATION TECHNOLOGY          $226,436.00

ROBOTICS/AUTOMATION TECHNOLOGY             1          $226,436.00    

2070811             MALE                        DIGITAL FORENSICS          $864,035.00

DIGITAL FORENSICS                          1          $864,035.00    

0174642             FEMALE           COMPUTER SOFTWARE DEVELOPMENT          $105,012.00

COMPUTER SOFTWARE DEVELOPMENT              1          $105,012.00    

0043680             FEMALE                ADMINISTRATIVE ASSISTANT          $87,984.00

1321664             FEMALE                ADMINISTRATIVE ASSISTANT          $877,759.00

ADMINISTRATIVE ASSISTANT                   2          $965,743.00    

1244529             FEMALE          AUTOMOTIVE COLLISION TECHNOLOGY          $205,668.00

AUTOMOTIVE COLLISION TECHNOLOGY             1          $205,668.00    

8133017             FEMALE                ADMINISTRATIVE ASSISTANT          $644,810.00

ADMINISTRATIVE ASSISTANT                   1          $644,810.00    

6729040             MALE                       MACHINE TECHNOLOGY          $591,223.00

MACHINE TECHNOLOGY                         1          $591,223.00    

9956212             MALE           ROBOTICS/AUTOMATION TECHNOLOGY          $288,599.00

ROBOTICS/AUTOMATION TECHNOLOGY             1          $288,599.00    

5108941             FEMALE          AUTOMOTIVE COLLISION TECHNOLOGY          $128,063.00

AUTOMOTIVE COLLISION TECHNOLOGY             1          $128,063.00    

8828333             MALE                        DIGITAL FORENSICS          $470,056.00

DIGITAL FORENSICS                          1          $470,056.00    

6105859             MALE                 AVAIATION PILOT TRAINING          $896,067.00

AVAIATION PILOT TRAINING                   1          $896,067.00    

5643395             MALE           ROBOTICS/AUTOMATION TECHNOLOGY          $322,240.00

GRAND TOTALS             24                $12,241,479.00
